<?xml version="1.0" encoding="utf-8"?><testsuites name="pytest tests"><testsuite name="pytest" errors="0" failures="0" skipped="0" tests="37" time="23.239" timestamp="2025-12-04T12:37:32.876008+01:00" hostname="DESKTOP-712S8LO"><testcase classname="backend.imaging.test_image_generation.TestImageGenerationEngine" name="test_engine_initialization" time="0.144" /><testcase classname="backend.imaging.test_image_generation.TestImageGenerationEngine" name="test_generate_image_basic" time="2.016" /><testcase classname="backend.imaging.test_image_generation.TestImageGenerationEngine" name="test_generate_with_custom_params" time="2.006" /><testcase classname="backend.imaging.test_image_generation.TestImageGenerationEngine" name="test_build_payload" time="0.001" /><testcase classname="backend.imaging.test_image_generation.TestImageGenerationEngine" name="test_get_job_status" time="0.001" /><testcase classname="backend.imaging.test_image_generation.TestImageGenerationEngine" name="test_list_jobs" time="0.001" /><testcase classname="backend.imaging.test_image_generation.TestImageGenerationEngine" name="test_engine_info" time="0.001" /><testcase classname="backend.imaging.test_image_generation.TestImageEnhancer" name="test_upscale" time="0.513" /><testcase classname="backend.imaging.test_image_generation.TestImageEnhancer" name="test_denoise" time="0.320" /><testcase classname="backend.imaging.test_image_generation.TestImageEnhancer" name="test_enhance_colors" time="0.216" /><testcase classname="backend.imaging.test_image_generation.TestImageManager" name="test_manager_initialization" time="0.002" /><testcase classname="backend.imaging.test_image_generation.TestImageManager" name="test_generate_image_simple" time="2.011" /><testcase classname="backend.imaging.test_image_generation.TestImageManager" name="test_get_generation" time="0.001" /><testcase classname="backend.imaging.test_image_generation.TestImageManager" name="test_list_generations" time="0.002" /><testcase classname="backend.imaging.test_image_generation.TestImageManager" name="test_manager_info" time="0.001" /><testcase classname="backend.imaging.test_image_generation.TestImageRequest" name="test_request_creation" time="0.001" /><testcase classname="backend.imaging.test_image_generation.TestImageRequest" name="test_request_validation_valid" time="0.001" /><testcase classname="backend.imaging.test_image_generation.TestImageRequest" name="test_request_validation_short_prompt" time="0.001" /><testcase classname="backend.imaging.test_image_generation.TestImageRequest" name="test_request_validation_invalid_dimensions" time="0.001" /><testcase classname="backend.imaging.test_image_generation.TestImageRequest" name="test_request_validation_invalid_steps" time="0.001" /><testcase classname="backend.imaging.test_image_generation.TestImageRequest" name="test_request_validation_invalid_guidance" time="0.001" /><testcase classname="backend.imaging.test_image_generation.TestImageRequest" name="test_request_to_config" time="0.001" /><testcase classname="backend.imaging.test_image_generation.TestPromptOptimizer" name="test_optimize_basic" time="0.002" /><testcase classname="backend.imaging.test_image_generation.TestPromptOptimizer" name="test_optimize_with_high_quality" time="0.001" /><testcase classname="backend.imaging.test_image_generation.TestPromptOptimizer" name="test_optimize_with_ultra_quality" time="0.001" /><testcase classname="backend.imaging.test_image_generation.TestPromptOptimizer" name="test_optimize_length_limit" time="0.001" /><testcase classname="backend.imaging.test_image_generation.TestPromptOptimizer" name="test_get_negative_prompt_default" time="0.002" /><testcase classname="backend.imaging.test_image_generation.TestPromptOptimizer" name="test_get_negative_prompt_realistic" time="0.002" /><testcase classname="backend.imaging.test_image_generation.TestImageGenerationAgent" name="test_agent_initialization" time="0.002" /><testcase classname="backend.imaging.test_image_generation.TestImageGenerationAgent" name="test_process_valid_request" time="2.017" /><testcase classname="backend.imaging.test_image_generation.TestImageGenerationAgent" name="test_process_invalid_request" time="0.005" /><testcase classname="backend.imaging.test_image_generation.TestImageGenerationAgent" name="test_get_generation" time="0.001" /><testcase classname="backend.imaging.test_image_generation.TestImageGenerationAgent" name="test_list_generations" time="0.001" /><testcase classname="backend.imaging.test_image_generation.TestImageGenerationAgent" name="test_get_stats" time="0.002" /><testcase classname="backend.imaging.test_image_generation.TestSingletons" name="test_image_manager_singleton" time="0.001" /><testcase classname="backend.imaging.test_image_generation.TestSingletons" name="test_image_agent_singleton" time="0.001" /><testcase classname="backend.imaging.test_image_generation.TestIntegration" name="test_end_to_end_generation" time="2.018" /></testsuite></testsuites>
