<?xml version="1.0" encoding="utf-8"?><testsuites name="pytest tests"><testsuite name="pytest" errors="0" failures="0" skipped="0" tests="102" time="6.395" timestamp="2025-12-04T08:17:35.894649+01:00" hostname="DESKTOP-712S8LO"><testcase classname="tests.mvp_sse_golden_dataset_tests.TestMVPCore" name="test_mvp_process_execution" time="0.121" /><testcase classname="tests.mvp_sse_golden_dataset_tests.TestMVPCore" name="test_mvp_hypothesis_generation" time="0.001" /><testcase classname="tests.mvp_sse_golden_dataset_tests.TestMVPCore" name="test_mvp_fact_retrieval_template" time="0.001" /><testcase classname="tests.mvp_sse_golden_dataset_tests.TestMVPCore" name="test_mvp_ndjson_streaming" time="0.001" /><testcase classname="tests.mvp_sse_golden_dataset_tests.TestMVPCore" name="test_mvp_basic_response_formatting" time="0.001" /><testcase classname="tests.mvp_sse_golden_dataset_tests.TestMVPCore" name="test_mvp_error_handling_basic" time="0.001" /><testcase classname="tests.mvp_sse_golden_dataset_tests.TestSSEStreamingCore" name="test_sse_connection_basic" time="0.001" /><testcase classname="tests.mvp_sse_golden_dataset_tests.TestSSEStreamingCore" name="test_sse_progress_events" time="0.002" /><testcase classname="tests.mvp_sse_golden_dataset_tests.TestSSEStreamingCore" name="test_sse_metrics_streaming" time="0.001" /><testcase classname="tests.mvp_sse_golden_dataset_tests.TestSSEStreamingCore" name="test_sse_job_progress_endpoint" time="0.001" /><testcase classname="tests.mvp_sse_golden_dataset_tests.TestSSEStreamingCore" name="test_sse_quality_notifications" time="0.001" /><testcase classname="tests.mvp_sse_golden_dataset_tests.TestSSEStreamingCore" name="test_sse_auto_reconnect" time="0.001" /><testcase classname="tests.mvp_sse_golden_dataset_tests.TestSSEStreamingCore" name="test_sse_event_replay" time="0.001" /><testcase classname="tests.mvp_sse_golden_dataset_tests.TestSSEStreamingCore" name="test_sse_session_isolation" time="0.002" /><testcase classname="tests.mvp_sse_golden_dataset_tests.TestGoldenDatasetQuality" name="test_golden_dataset_loading" time="0.001" /><testcase classname="tests.mvp_sse_golden_dataset_tests.TestGoldenDatasetQuality" name="test_quality_metrics_collection" time="0.001" /><testcase classname="tests.mvp_sse_golden_dataset_tests.TestGoldenDatasetQuality" name="test_citation_validation" time="0.001" /><testcase classname="tests.mvp_sse_golden_dataset_tests.TestGoldenDatasetQuality" name="test_legal_reference_extraction" time="0.001" /><testcase classname="tests.mvp_sse_golden_dataset_tests.TestGoldenDatasetQuality" name="test_aspect_coverage_calculation" time="0.001" /><testcase classname="tests.mvp_sse_golden_dataset_tests.TestGoldenDatasetQuality" name="test_quality_rating_assignment" time="0.001" /><testcase classname="tests.mvp_sse_golden_dataset_tests.TestGoldenDatasetQuality" name="test_timing_metrics_measurement" time="0.001" /><testcase classname="tests.mvp_sse_golden_dataset_tests.TestGoldenDatasetQuality" name="test_model_performance_ranking" time="0.001" /><testcase classname="tests.mvp_sse_golden_dataset_tests.TestGoldenDatasetQuality" name="test_golden_dataset_feedback_loop" time="0.001" /><testcase classname="tests.mvp_sse_golden_dataset_tests.TestContentQualityValidation" name="test_answer_length_validation" time="0.001" /><testcase classname="tests.mvp_sse_golden_dataset_tests.TestContentQualityValidation" name="test_direct_quote_extraction" time="0.001" /><testcase classname="tests.mvp_sse_golden_dataset_tests.TestContentQualityValidation" name="test_source_attribution_validation" time="0.001" /><testcase classname="tests.mvp_sse_golden_dataset_tests.TestContentQualityValidation" name="test_legal_aspect_coverage" time="0.001" /><testcase classname="tests.mvp_sse_golden_dataset_tests.TestContentQualityValidation" name="test_follow_up_suggestions_quality" time="0.001" /><testcase classname="tests.mvp_sse_golden_dataset_tests.TestContentQualityValidation" name="test_coherence_validation" time="0.001" /><testcase classname="tests.mvp_sse_golden_dataset_tests.TestContentQualityValidation" name="test_factual_accuracy_check" time="0.001" /><testcase classname="tests.mvp_sse_golden_dataset_tests.TestAdministrativeLawDomain" name="test_bimschg_law_coverage" time="0.001" /><testcase classname="tests.mvp_sse_golden_dataset_tests.TestAdministrativeLawDomain" name="test_administrative_procedure_explanation" time="0.001" /><testcase classname="tests.mvp_sse_golden_dataset_tests.TestAdministrativeLawDomain" name="test_legal_rights_documentation" time="0.001" /><testcase classname="tests.mvp_sse_golden_dataset_tests.TestAdministrativeLawDomain" name="test_regulatory_requirements_coverage" time="0.001" /><testcase classname="tests.mvp_sse_golden_dataset_tests.TestAdministrativeLawDomain" name="test_case_law_references" time="0.001" /><testcase classname="tests.mvp_sse_golden_dataset_tests.TestAdministrativeLawDomain" name="test_interrelation_with_other_laws" time="0.001" /><testcase classname="tests.mvp_sse_golden_dataset_tests.TestQuoteQualityMetrics" name="test_direct_quote_count" time="0.001" /><testcase classname="tests.mvp_sse_golden_dataset_tests.TestQuoteQualityMetrics" name="test_quote_source_ratio" time="0.001" /><testcase classname="tests.mvp_sse_golden_dataset_tests.TestQuoteQualityMetrics" name="test_quote_length_adequacy" time="0.001" /><testcase classname="tests.mvp_sse_golden_dataset_tests.TestQuoteQualityMetrics" name="test_quote_context_preservation" time="0.001" /><testcase classname="tests.mvp_sse_golden_dataset_tests.TestQuoteQualityMetrics" name="test_paraphrase_accuracy" time="0.001" /><testcase classname="tests.mvp_sse_golden_dataset_tests.TestEvaluationMetricsValidation" name="test_quality_threshold_comparison" time="0.001" /><testcase classname="tests.mvp_sse_golden_dataset_tests.TestEvaluationMetricsValidation" name="test_model_comparison_matrix" time="0.001" /><testcase classname="tests.mvp_sse_golden_dataset_tests.TestEvaluationMetricsValidation" name="test_quality_improvement_tracking" time="0.001" /><testcase classname="tests.mvp_sse_golden_dataset_tests.TestEvaluationMetricsValidation" name="test_regression_detection" time="0.001" /><testcase classname="tests.mvp_sse_golden_dataset_tests.TestEvaluationMetricsValidation" name="test_statistical_significance" time="0.001" /><testcase classname="tests.mvp_sse_golden_dataset_tests.TestPromptOptimization" name="test_prompt_template_quality" time="0.001" /><testcase classname="tests.mvp_sse_golden_dataset_tests.TestPromptOptimization" name="test_few_shot_example_effectiveness" time="0.001" /><testcase classname="tests.mvp_sse_golden_dataset_tests.TestPromptOptimization" name="test_constraint_enforcement" time="0.001" /><testcase classname="tests.mvp_sse_golden_dataset_tests.TestPromptOptimization" name="test_domain_specific_vocabulary" time="0.001" /><testcase classname="tests.mvp_sse_golden_dataset_tests.TestDatasetQualityReporting" name="test_quality_report_generation" time="0.001" /><testcase classname="tests.mvp_sse_golden_dataset_tests.TestDatasetQualityReporting" name="test_model_ranking_report" time="0.001" /><testcase classname="tests.mvp_sse_golden_dataset_tests.TestDatasetQualityReporting" name="test_issue_identification" time="0.001" /><testcase classname="tests.mvp_sse_golden_dataset_tests.TestDatasetQualityReporting" name="test_recommendation_generation" time="0.001" /><testcase classname="tests.content_function_tests.TestContentAccuracy" name="test_factual_correctness_bimschg" time="0.001" /><testcase classname="tests.content_function_tests.TestContentAccuracy" name="test_legal_provision_accuracy" time="0.001" /><testcase classname="tests.content_function_tests.TestContentAccuracy" name="test_procedure_accuracy" time="0.001" /><testcase classname="tests.content_function_tests.TestContentAccuracy" name="test_timeline_accuracy" time="0.001" /><testcase classname="tests.content_function_tests.TestContentAccuracy" name="test_responsible_authority_accuracy" time="0.001" /><testcase classname="tests.content_function_tests.TestCitationValidity" name="test_ieee_citation_format" time="0.001" /><testcase classname="tests.content_function_tests.TestCitationValidity" name="test_citation_source_verification" time="0.001" /><testcase classname="tests.content_function_tests.TestCitationValidity" name="test_citation_completeness" time="0.001" /><testcase classname="tests.content_function_tests.TestCitationValidity" name="test_citation_consistency" time="0.001" /><testcase classname="tests.content_function_tests.TestCitationValidity" name="test_missing_citation_detection" time="0.001" /><testcase classname="tests.content_function_tests.TestLegalReferenceValidation" name="test_paragraph_reference_validity" time="0.001" /><testcase classname="tests.content_function_tests.TestLegalReferenceValidation" name="test_law_reference_accuracy" time="0.001" /><testcase classname="tests.content_function_tests.TestLegalReferenceValidation" name="test_case_law_reference_format" time="0.001" /><testcase classname="tests.content_function_tests.TestLegalReferenceValidation" name="test_outdated_reference_detection" time="0.001" /><testcase classname="tests.content_function_tests.TestLegalReferenceValidation" name="test_related_law_completeness" time="0.001" /><testcase classname="tests.content_function_tests.TestAnswerQualityMetrics" name="test_answer_relevance" time="0.001" /><testcase classname="tests.content_function_tests.TestAnswerQualityMetrics" name="test_answer_completeness" time="0.001" /><testcase classname="tests.content_function_tests.TestAnswerQualityMetrics" name="test_answer_specificity" time="0.001" /><testcase classname="tests.content_function_tests.TestAnswerQualityMetrics" name="test_answer_structure_quality" time="0.001" /><testcase classname="tests.content_function_tests.TestAnswerQualityMetrics" name="test_answer_length_appropriateness" time="0.001" /><testcase classname="tests.content_function_tests.TestMultiTurnCoherence" name="test_context_preservation" time="0.001" /><testcase classname="tests.content_function_tests.TestMultiTurnCoherence" name="test_topic_coherence" time="0.001" /><testcase classname="tests.content_function_tests.TestMultiTurnCoherence" name="test_answer_consistency" time="0.001" /><testcase classname="tests.content_function_tests.TestMultiTurnCoherence" name="test_progressive_depth" time="0.001" /><testcase classname="tests.content_function_tests.TestMultiTurnCoherence" name="test_cross_reference_validity" time="0.001" /><testcase classname="tests.content_function_tests.TestKnowledgeRetrievalAccuracy" name="test_fact_retrieval_accuracy" time="0.001" /><testcase classname="tests.content_function_tests.TestKnowledgeRetrievalAccuracy" name="test_source_relevance" time="0.001" /><testcase classname="tests.content_function_tests.TestKnowledgeRetrievalAccuracy" name="test_information_freshness" time="0.001" /><testcase classname="tests.content_function_tests.TestKnowledgeRetrievalAccuracy" name="test_source_authority" time="0.001" /><testcase classname="tests.content_function_tests.TestKnowledgeRetrievalAccuracy" name="test_coverage_of_relevant_sources" time="0.001" /><testcase classname="tests.content_function_tests.TestFunctionExecution" name="test_query_processing_completion" time="0.001" /><testcase classname="tests.content_function_tests.TestFunctionExecution" name="test_answer_generation_function" time="0.001" /><testcase classname="tests.content_function_tests.TestFunctionExecution" name="test_citation_extraction_function" time="0.001" /><testcase classname="tests.content_function_tests.TestFunctionExecution" name="test_legal_reference_parsing_function" time="0.001" /><testcase classname="tests.content_function_tests.TestFunctionExecution" name="test_quality_rating_function" time="0.001" /><testcase classname="tests.content_function_tests.TestErrorHandlingContent" name="test_factual_error_detection" time="0.001" /><testcase classname="tests.content_function_tests.TestErrorHandlingContent" name="test_incomplete_answer_handling" time="0.001" /><testcase classname="tests.content_function_tests.TestErrorHandlingContent" name="test_conflicting_information_handling" time="0.001" /><testcase classname="tests.content_function_tests.TestErrorHandlingContent" name="test_unavailable_source_handling" time="0.001" /><testcase classname="tests.content_function_tests.TestErrorHandlingContent" name="test_out_of_scope_query_handling" time="0.001" /><testcase classname="tests.content_function_tests.TestResultValidation" name="test_result_format_validation" time="0.001" /><testcase classname="tests.content_function_tests.TestResultValidation" name="test_result_completeness_check" time="0.001" /><testcase classname="tests.content_function_tests.TestResultValidation" name="test_result_accuracy_verification" time="0.001" /><testcase classname="tests.content_function_tests.TestResultValidation" name="test_result_consistency_check" time="0.001" /><testcase classname="tests.content_function_tests.TestResultValidation" name="test_result_completeness_score" time="0.001" /><testcase classname="tests.content_function_tests.TestPerformanceValidation" name="test_response_time_validation" time="0.001" /><testcase classname="tests.content_function_tests.TestPerformanceValidation" name="test_quality_maintenance_under_load" time="0.001" /><testcase classname="tests.content_function_tests.TestPerformanceValidation" name="test_consistency_across_models" time="0.001" /></testsuite></testsuites>
